1682408390321	geckodriver	INFO	Listening on 127.0.0.1:3172
1682408394639	geckodriver	INFO	Listening on 127.0.0.1:3191
1682408533360	geckodriver	INFO	Listening on 127.0.0.1:3256
1682408538482	geckodriver	INFO	Listening on 127.0.0.1:3272
1682408548542	geckodriver	INFO	Listening on 127.0.0.1:3295
1682408553050	geckodriver	INFO	Listening on 127.0.0.1:3307
1682408700931	geckodriver	INFO	Listening on 127.0.0.1:3412
1682408705475	geckodriver	INFO	Listening on 127.0.0.1:3427
1682408727610	geckodriver	INFO	Listening on 127.0.0.1:3459
1682411634988	geckodriver	INFO	Listening on 127.0.0.1:7644
1682411638035	mozrunner::runner	INFO	Running command: "C:\\Program Files\\Mozilla Firefox\\firefox.exe" "--marionette" "-headless" "--remote-debugging-port" "7645" "--remote-allow-hosts" "localhost" "-no-remote" "-profile" "C:\\Users\\Brace\\AppData\\Local\\Temp\\rust_mozprofileJsTcvL"
*** You are running in headless mode.
console.warn: services.settings: Ignoring preference override of remote settings server
console.warn: services.settings: Allow by setting MOZ_REMOTE_SETTINGS_DEVTOOLS=1 in the environment
1682411639330	Marionette	INFO	Marionette enabled
Dynamically enable window occlusion 0
1682411639341	Marionette	INFO	Listening on port 7663
Read port: 7663
WebDriver BiDi listening on ws://127.0.0.1:7645
1682411639549	RemoteAgent	WARN	TLS certificate errors will be ignored for this session
[GFX1-]: RenderCompositorSWGL failed mapping default framebuffer, no dt
console.warn: SearchSettings: "get: No settings file exists, new profile?" (new NotFoundError("Could not open the file at C:\\Users\\Brace\\AppData\\Local\\Temp\\rust_mozprofileJsTcvL\\search.json.mozlz4", (void 0)))
[ERROR glean_core] Error setting metrics feature config: Json(Error("EOF while parsing a value", line: 1, column: 0))
console.error: ({})
DevTools listening on ws://127.0.0.1:7645/devtools/browser/e575f980-b55b-48e6-b57a-0dde9043400e
1682411660446	geckodriver	INFO	Listening on 127.0.0.1:7722
1682411663458	mozrunner::runner	INFO	Running command: "C:\\Program Files\\Mozilla Firefox\\firefox.exe" "--marionette" "-headless" "--remote-debugging-port" "7723" "--remote-allow-hosts" "localhost" "-no-remote" "-profile" "C:\\Users\\Brace\\AppData\\Local\\Temp\\rust_mozprofileKnxbMV"
*** You are running in headless mode.
console.warn: services.settings: Ignoring preference override of remote settings server
console.warn: services.settings: Allow by setting MOZ_REMOTE_SETTINGS_DEVTOOLS=1 in the environment
1682411664203	Marionette	INFO	Marionette enabled
Dynamically enable window occlusion 0
1682411664209	Marionette	INFO	Listening on port 7759
Read port: 7759
WebDriver BiDi listening on ws://127.0.0.1:7723
1682411664341	RemoteAgent	WARN	TLS certificate errors will be ignored for this session
[GFX1-]: RenderCompositorSWGL failed mapping default framebuffer, no dt
console.warn: SearchSettings: "get: No settings file exists, new profile?" (new NotFoundError("Could not open the file at C:\\Users\\Brace\\AppData\\Local\\Temp\\rust_mozprofileKnxbMV\\search.json.mozlz4", (void 0)))
[ERROR glean_core] Error setting metrics feature config: Json(Error("EOF while parsing a value", line: 1, column: 0))
console.error: ({})
DevTools listening on ws://127.0.0.1:7723/devtools/browser/318c9181-22ac-442b-b228-81d051f7d1ac
1682411720537	geckodriver	INFO	Listening on 127.0.0.1:7880
1682411723571	mozrunner::runner	INFO	Running command: "C:\\Program Files\\Mozilla Firefox\\firefox.exe" "--marionette" "-headless" "--remote-debugging-port" "7881" "--remote-allow-hosts" "localhost" "-no-remote" "-profile" "C:\\Users\\Brace\\AppData\\Local\\Temp\\rust_mozprofile5KywsM"
*** You are running in headless mode.
console.warn: services.settings: Ignoring preference override of remote settings server
console.warn: services.settings: Allow by setting MOZ_REMOTE_SETTINGS_DEVTOOLS=1 in the environment
1682411724688	Marionette	INFO	Marionette enabled
Dynamically enable window occlusion 0
1682411724697	Marionette	INFO	Listening on port 7938
Read port: 7938
WebDriver BiDi listening on ws://127.0.0.1:7881
1682411724902	RemoteAgent	WARN	TLS certificate errors will be ignored for this session
[GFX1-]: RenderCompositorSWGL failed mapping default framebuffer, no dt
console.warn: SearchSettings: "get: No settings file exists, new profile?" (new NotFoundError("Could not open the file at C:\\Users\\Brace\\AppData\\Local\\Temp\\rust_mozprofile5KywsM\\search.json.mozlz4", (void 0)))
[ERROR glean_core] Error setting metrics feature config: Json(Error("EOF while parsing a value", line: 1, column: 0))
console.error: ({})
DevTools listening on ws://127.0.0.1:7881/devtools/browser/0aa4b0c5-758e-44c6-b470-4b93694294af
JavaScript warning: https://www.creditchina.gov.cn/ line 5 > eval, line 1: WEBGL_debug_renderer_info is deprecated in Firefox and will be removed. Please use RENDERER.
JavaScript warning: https://www.creditchina.gov.cn/js/jquery-1.9.1.min.js, line 2: Using //@ to indicate sourceMappingURL pragmas is deprecated. Use //# instead
JavaScript warning: https://www.creditchina.gov.cn/js/jquery-1.9.1.min.js, line 2: Using //@ to indicate sourceMappingURL pragmas is deprecated. Use //# instead
JavaScript warning: https://www.creditchina.gov.cn/js/jquery-1.9.1.min.js, line 2: Using //@ to indicate sourceMappingURL pragmas is deprecated. Use //# instead
JavaScript error: https://www.creditchina.gov.cn/js/companydetail/companydetail.js, line 167: TypeError: data.data.data is undefined
JavaScript warning: https://www.creditchina.gov.cn/js/jquery-1.9.1.min.js, line 2: Using //@ to indicate sourceMappingURL pragmas is deprecated. Use //# instead
JavaScript error: https://www.creditchina.gov.cn/js/companydetail/companydetail.js, line 167: TypeError: data.data.data is undefined
1682412038544	geckodriver	INFO	Listening on 127.0.0.1:8399
1682412042113	geckodriver	INFO	Listening on 127.0.0.1:8409
1682412054332	geckodriver	INFO	Listening on 127.0.0.1:8422
1682412057377	mozrunner::runner	INFO	Running command: "C:\\Program Files\\Mozilla Firefox\\firefox.exe" "--marionette" "-headless" "--remote-debugging-port" "8423" "--remote-allow-hosts" "localhost" "-no-remote" "-profile" "C:\\Users\\Brace\\AppData\\Local\\Temp\\rust_mozprofilewX3hj1"
*** You are running in headless mode.
console.warn: services.settings: Ignoring preference override of remote settings server
console.warn: services.settings: Allow by setting MOZ_REMOTE_SETTINGS_DEVTOOLS=1 in the environment
1682412058621	Marionette	INFO	Marionette enabled
Dynamically enable window occlusion 0
1682412058630	Marionette	INFO	Listening on port 8430
Read port: 8430
WebDriver BiDi listening on ws://127.0.0.1:8423
1682412058800	RemoteAgent	WARN	TLS certificate errors will be ignored for this session
[GFX1-]: RenderCompositorSWGL failed mapping default framebuffer, no dt
console.warn: SearchSettings: "get: No settings file exists, new profile?" (new NotFoundError("Could not open the file at C:\\Users\\Brace\\AppData\\Local\\Temp\\rust_mozprofilewX3hj1\\search.json.mozlz4", (void 0)))
[ERROR glean_core] Error setting metrics feature config: Json(Error("EOF while parsing a value", line: 1, column: 0))
console.error: ({})
DevTools listening on ws://127.0.0.1:8423/devtools/browser/d939da74-e1a4-4f56-bf01-efc1372559e4
JavaScript warning: https://www.creditchina.gov.cn/ line 5 > eval, line 1: WEBGL_debug_renderer_info is deprecated in Firefox and will be removed. Please use RENDERER.
JavaScript warning: https://www.creditchina.gov.cn/js/jquery-1.9.1.min.js, line 2: Using //@ to indicate sourceMappingURL pragmas is deprecated. Use //# instead
JavaScript warning: https://www.creditchina.gov.cn/js/jquery-1.9.1.min.js, line 2: Using //@ to indicate sourceMappingURL pragmas is deprecated. Use //# instead
JavaScript warning: https://www.creditchina.gov.cn/js/jquery-1.9.1.min.js, line 2: Using //@ to indicate sourceMappingURL pragmas is deprecated. Use //# instead
JavaScript error: https://www.creditchina.gov.cn/js/companydetail/companydetail.js, line 167: TypeError: data.data.data is undefined
JavaScript warning: https://www.creditchina.gov.cn/js/jquery-1.9.1.min.js, line 2: Using //@ to indicate sourceMappingURL pragmas is deprecated. Use //# instead
JavaScript error: https://www.creditchina.gov.cn/js/companydetail/companydetail.js, line 167: TypeError: data.data.data is undefined
JavaScript error: https://www.creditchina.gov.cn/js/companydetail/companydetail.js, line 167: TypeError: data.data.data is undefined
1682412211529	geckodriver	INFO	Listening on 127.0.0.1:8588
1682412214555	mozrunner::runner	INFO	Running command: "C:\\Program Files\\Mozilla Firefox\\firefox.exe" "--marionette" "-headless" "--remote-debugging-port" "8589" "--remote-allow-hosts" "localhost" "-no-remote" "-profile" "C:\\Users\\Brace\\AppData\\Local\\Temp\\rust_mozprofileA9ZTCC"
*** You are running in headless mode.
console.warn: services.settings: Ignoring preference override of remote settings server
console.warn: services.settings: Allow by setting MOZ_REMOTE_SETTINGS_DEVTOOLS=1 in the environment
1682412215284	Marionette	INFO	Marionette enabled
Dynamically enable window occlusion 0
1682412215290	Marionette	INFO	Listening on port 8596
Read port: 8596
WebDriver BiDi listening on ws://127.0.0.1:8589
1682412215403	RemoteAgent	WARN	TLS certificate errors will be ignored for this session
[GFX1-]: RenderCompositorSWGL failed mapping default framebuffer, no dt
console.warn: SearchSettings: "get: No settings file exists, new profile?" (new NotFoundError("Could not open the file at C:\\Users\\Brace\\AppData\\Local\\Temp\\rust_mozprofileA9ZTCC\\search.json.mozlz4", (void 0)))
[ERROR glean_core] Error setting metrics feature config: Json(Error("EOF while parsing a value", line: 1, column: 0))
console.error: ({})
DevTools listening on ws://127.0.0.1:8589/devtools/browser/9a5bf171-01b8-4e7e-afa1-3bf3a90e5762
JavaScript warning: https://www.creditchina.gov.cn/ line 5 > eval, line 1: WEBGL_debug_renderer_info is deprecated in Firefox and will be removed. Please use RENDERER.
JavaScript warning: https://www.creditchina.gov.cn/js/jquery-1.9.1.min.js, line 2: Using //@ to indicate sourceMappingURL pragmas is deprecated. Use //# instead
JavaScript warning: https://www.creditchina.gov.cn/js/jquery-1.9.1.min.js, line 2: Using //@ to indicate sourceMappingURL pragmas is deprecated. Use //# instead
JavaScript warning: https://www.creditchina.gov.cn/js/jquery-1.9.1.min.js, line 2: Using //@ to indicate sourceMappingURL pragmas is deprecated. Use //# instead
JavaScript error: https://www.creditchina.gov.cn/js/companydetail/companydetail.js, line 167: TypeError: data.data.data is undefined
JavaScript warning: https://www.creditchina.gov.cn/js/jquery-1.9.1.min.js, line 2: Using //@ to indicate sourceMappingURL pragmas is deprecated. Use //# instead
JavaScript error: https://www.creditchina.gov.cn/js/companydetail/companydetail.js, line 167: TypeError: data.data.data is undefined
JavaScript error: https://www.creditchina.gov.cn/js/companydetail/companydetail.js, line 167: TypeError: data.data.data is undefined
1682412528026	geckodriver	INFO	Listening on 127.0.0.1:8817
1682412531115	mozrunner::runner	INFO	Running command: "C:\\Program Files\\Mozilla Firefox\\firefox.exe" "--marionette" "-headless" "--remote-debugging-port" "8818" "--remote-allow-hosts" "localhost" "-no-remote" "-profile" "C:\\Users\\Brace\\AppData\\Local\\Temp\\rust_mozprofile830N3X"
*** You are running in headless mode.
console.warn: services.settings: Ignoring preference override of remote settings server
console.warn: services.settings: Allow by setting MOZ_REMOTE_SETTINGS_DEVTOOLS=1 in the environment
1682412533231	Marionette	INFO	Marionette enabled
Dynamically enable window occlusion 0
1682412533240	Marionette	INFO	Listening on port 8825
Read port: 8825
WebDriver BiDi listening on ws://127.0.0.1:8818
1682412533416	RemoteAgent	WARN	TLS certificate errors will be ignored for this session
[GFX1-]: RenderCompositorSWGL failed mapping default framebuffer, no dt
console.warn: SearchSettings: "get: No settings file exists, new profile?" (new NotFoundError("Could not open the file at C:\\Users\\Brace\\AppData\\Local\\Temp\\rust_mozprofile830N3X\\search.json.mozlz4", (void 0)))
[ERROR glean_core] Error setting metrics feature config: Json(Error("EOF while parsing a value", line: 1, column: 0))
console.error: ({})
DevTools listening on ws://127.0.0.1:8818/devtools/browser/65dd5971-708e-4fba-a800-bf247e41e032
JavaScript warning: https://www.creditchina.gov.cn/ line 5 > eval, line 1: WEBGL_debug_renderer_info is deprecated in Firefox and will be removed. Please use RENDERER.
JavaScript warning: https://www.creditchina.gov.cn/js/jquery-1.9.1.min.js, line 2: Using //@ to indicate sourceMappingURL pragmas is deprecated. Use //# instead
JavaScript warning: https://www.creditchina.gov.cn/js/jquery-1.9.1.min.js, line 2: Using //@ to indicate sourceMappingURL pragmas is deprecated. Use //# instead
JavaScript warning: https://www.creditchina.gov.cn/js/jquery-1.9.1.min.js, line 2: Using //@ to indicate sourceMappingURL pragmas is deprecated. Use //# instead
JavaScript error: https://www.creditchina.gov.cn/js/companydetail/companydetail.js, line 167: TypeError: data.data.data is undefined
JavaScript warning: https://www.creditchina.gov.cn/js/jquery-1.9.1.min.js, line 2: Using //@ to indicate sourceMappingURL pragmas is deprecated. Use //# instead
JavaScript error: https://www.creditchina.gov.cn/js/companydetail/companydetail.js, line 167: TypeError: data.data.data is undefined
JavaScript error: https://www.creditchina.gov.cn/js/companydetail/companydetail.js, line 167: TypeError: data.data.data is undefined
1682412568833	geckodriver	INFO	Listening on 127.0.0.1:9027
1682412571840	mozrunner::runner	INFO	Running command: "C:\\Program Files\\Mozilla Firefox\\firefox.exe" "--marionette" "-headless" "--remote-debugging-port" "9028" "--remote-allow-hosts" "localhost" "-no-remote" "-profile" "C:\\Users\\Brace\\AppData\\Local\\Temp\\rust_mozprofile5yB7dO"
*** You are running in headless mode.
console.warn: services.settings: Ignoring preference override of remote settings server
console.warn: services.settings: Allow by setting MOZ_REMOTE_SETTINGS_DEVTOOLS=1 in the environment
1682412574044	Marionette	INFO	Marionette enabled
Dynamically enable window occlusion 0
1682412574122	Marionette	INFO	Listening on port 9047
Read port: 9047
WebDriver BiDi listening on ws://127.0.0.1:9028
1682412575004	RemoteAgent	WARN	TLS certificate errors will be ignored for this session
[GFX1-]: RenderCompositorSWGL failed mapping default framebuffer, no dt
console.warn: SearchSettings: "get: No settings file exists, new profile?" (new NotFoundError("Could not open the file at C:\\Users\\Brace\\AppData\\Local\\Temp\\rust_mozprofile5yB7dO\\search.json.mozlz4", (void 0)))
[ERROR glean_core] Error setting metrics feature config: Json(Error("EOF while parsing a value", line: 1, column: 0))
console.error: ({})
DevTools listening on ws://127.0.0.1:9028/devtools/browser/7a891441-7c13-436f-a8f2-cf5b24b0d3d1
1682412586831	geckodriver	INFO	Listening on 127.0.0.1:9116
1682412589858	mozrunner::runner	INFO	Running command: "C:\\Program Files\\Mozilla Firefox\\firefox.exe" "--marionette" "-headless" "--remote-debugging-port" "9117" "--remote-allow-hosts" "localhost" "-no-remote" "-profile" "C:\\Users\\Brace\\AppData\\Local\\Temp\\rust_mozprofileRE84bk"
*** You are running in headless mode.
console.warn: services.settings: Ignoring preference override of remote settings server
console.warn: services.settings: Allow by setting MOZ_REMOTE_SETTINGS_DEVTOOLS=1 in the environment
1682412591171	Marionette	INFO	Marionette enabled
Dynamically enable window occlusion 0
1682412591183	Marionette	INFO	Listening on port 9144
Read port: 9144
WebDriver BiDi listening on ws://127.0.0.1:9117
1682412591384	RemoteAgent	WARN	TLS certificate errors will be ignored for this session
[GFX1-]: RenderCompositorSWGL failed mapping default framebuffer, no dt
console.warn: SearchSettings: "get: No settings file exists, new profile?" (new NotFoundError("Could not open the file at C:\\Users\\Brace\\AppData\\Local\\Temp\\rust_mozprofileRE84bk\\search.json.mozlz4", (void 0)))
[ERROR glean_core] Error setting metrics feature config: Json(Error("EOF while parsing a value", line: 1, column: 0))
console.error: ({})
DevTools listening on ws://127.0.0.1:9117/devtools/browser/3009a60b-bdfa-4c3b-8b8d-a876655dc300
JavaScript warning: https://www.creditchina.gov.cn/ line 5 > eval, line 1: WEBGL_debug_renderer_info is deprecated in Firefox and will be removed. Please use RENDERER.
JavaScript warning: https://www.creditchina.gov.cn/js/jquery-1.9.1.min.js, line 2: Using //@ to indicate sourceMappingURL pragmas is deprecated. Use //# instead
JavaScript warning: https://www.creditchina.gov.cn/js/jquery-1.9.1.min.js, line 2: Using //@ to indicate sourceMappingURL pragmas is deprecated. Use //# instead
JavaScript warning: https://www.creditchina.gov.cn/js/jquery-1.9.1.min.js, line 2: Using //@ to indicate sourceMappingURL pragmas is deprecated. Use //# instead
JavaScript error: https://www.creditchina.gov.cn/js/companydetail/companydetail.js, line 167: TypeError: data.data.data is undefined
JavaScript warning: https://www.creditchina.gov.cn/js/jquery-1.9.1.min.js, line 2: Using //@ to indicate sourceMappingURL pragmas is deprecated. Use //# instead
JavaScript error: https://www.creditchina.gov.cn/js/companydetail/companydetail.js, line 167: TypeError: data.data.data is undefined
JavaScript error: https://www.creditchina.gov.cn/js/companydetail/companydetail.js, line 167: TypeError: data.data.data is undefined
1682412940641	geckodriver	INFO	Listening on 127.0.0.1:9517
1682412943680	mozrunner::runner	INFO	Running command: "C:\\Program Files\\Mozilla Firefox\\firefox.exe" "--marionette" "-headless" "--remote-debugging-port" "9518" "--remote-allow-hosts" "localhost" "-no-remote" "-profile" "C:\\Users\\Brace\\AppData\\Local\\Temp\\rust_mozprofileSMRzJy"
*** You are running in headless mode.
console.warn: services.settings: Ignoring preference override of remote settings server
console.warn: services.settings: Allow by setting MOZ_REMOTE_SETTINGS_DEVTOOLS=1 in the environment
1682412944644	Marionette	INFO	Marionette enabled
Dynamically enable window occlusion 0
1682412944659	Marionette	INFO	Listening on port 9530
Read port: 9530
WebDriver BiDi listening on ws://127.0.0.1:9518
1682412944794	RemoteAgent	WARN	TLS certificate errors will be ignored for this session
[GFX1-]: RenderCompositorSWGL failed mapping default framebuffer, no dt
console.warn: SearchSettings: "get: No settings file exists, new profile?" (new NotFoundError("Could not open the file at C:\\Users\\Brace\\AppData\\Local\\Temp\\rust_mozprofileSMRzJy\\search.json.mozlz4", (void 0)))
[ERROR glean_core] Error setting metrics feature config: Json(Error("EOF while parsing a value", line: 1, column: 0))
console.error: ({})
DevTools listening on ws://127.0.0.1:9518/devtools/browser/4c1d419b-f156-4cbf-8f88-35e56966d7a7
JavaScript warning: https://www.creditchina.gov.cn/ line 5 > eval, line 1: WEBGL_debug_renderer_info is deprecated in Firefox and will be removed. Please use RENDERER.
JavaScript warning: https://www.creditchina.gov.cn/js/jquery-1.9.1.min.js, line 2: Using //@ to indicate sourceMappingURL pragmas is deprecated. Use //# instead
JavaScript warning: https://www.creditchina.gov.cn/js/jquery-1.9.1.min.js, line 2: Using //@ to indicate sourceMappingURL pragmas is deprecated. Use //# instead
JavaScript warning: https://www.creditchina.gov.cn/js/jquery-1.9.1.min.js, line 2: Using //@ to indicate sourceMappingURL pragmas is deprecated. Use //# instead
JavaScript error: https://www.creditchina.gov.cn/js/companydetail/companydetail.js, line 167: TypeError: data.data.data is undefined
JavaScript warning: https://www.creditchina.gov.cn/js/jquery-1.9.1.min.js, line 2: Using //@ to indicate sourceMappingURL pragmas is deprecated. Use //# instead
JavaScript error: https://www.creditchina.gov.cn/js/companydetail/companydetail.js, line 167: TypeError: data.data.data is undefined
JavaScript error: https://www.creditchina.gov.cn/js/companydetail/companydetail.js, line 167: TypeError: data.data.data is undefined
1682413036101	geckodriver	INFO	Listening on 127.0.0.1:9728
1682413039136	mozrunner::runner	INFO	Running command: "C:\\Program Files\\Mozilla Firefox\\firefox.exe" "--marionette" "-headless" "--remote-debugging-port" "9729" "--remote-allow-hosts" "localhost" "-no-remote" "-profile" "C:\\Users\\Brace\\AppData\\Local\\Temp\\rust_mozprofile2AXIC4"
*** You are running in headless mode.
console.warn: services.settings: Ignoring preference override of remote settings server
console.warn: services.settings: Allow by setting MOZ_REMOTE_SETTINGS_DEVTOOLS=1 in the environment
1682413040162	Marionette	INFO	Marionette enabled
Dynamically enable window occlusion 0
1682413040170	Marionette	INFO	Listening on port 9739
Read port: 9739
WebDriver BiDi listening on ws://127.0.0.1:9729
1682413040326	RemoteAgent	WARN	TLS certificate errors will be ignored for this session
[GFX1-]: RenderCompositorSWGL failed mapping default framebuffer, no dt
console.warn: SearchSettings: "get: No settings file exists, new profile?" (new NotFoundError("Could not open the file at C:\\Users\\Brace\\AppData\\Local\\Temp\\rust_mozprofile2AXIC4\\search.json.mozlz4", (void 0)))
[ERROR glean_core] Error setting metrics feature config: Json(Error("EOF while parsing a value", line: 1, column: 0))
console.error: ({})
DevTools listening on ws://127.0.0.1:9729/devtools/browser/c7efe1f6-a758-4a4a-b85f-b8738dc32251
JavaScript warning: https://www.creditchina.gov.cn/ line 5 > eval, line 1: WEBGL_debug_renderer_info is deprecated in Firefox and will be removed. Please use RENDERER.
JavaScript warning: https://www.creditchina.gov.cn/js/jquery-1.9.1.min.js, line 2: Using //@ to indicate sourceMappingURL pragmas is deprecated. Use //# instead
JavaScript warning: https://www.creditchina.gov.cn/js/jquery-1.9.1.min.js, line 2: Using //@ to indicate sourceMappingURL pragmas is deprecated. Use //# instead
JavaScript warning: https://www.creditchina.gov.cn/js/jquery-1.9.1.min.js, line 2: Using //@ to indicate sourceMappingURL pragmas is deprecated. Use //# instead
JavaScript error: https://www.creditchina.gov.cn/js/companydetail/companydetail.js, line 167: TypeError: data.data.data is undefined
JavaScript warning: https://www.creditchina.gov.cn/js/jquery-1.9.1.min.js, line 2: Using //@ to indicate sourceMappingURL pragmas is deprecated. Use //# instead
JavaScript error: https://www.creditchina.gov.cn/js/companydetail/companydetail.js, line 167: TypeError: data.data.data is undefined
JavaScript error: https://www.creditchina.gov.cn/js/companydetail/companydetail.js, line 167: TypeError: data.data.data is undefined
1682413177101	geckodriver	INFO	Listening on 127.0.0.1:9875
1682413180135	mozrunner::runner	INFO	Running command: "C:\\Program Files\\Mozilla Firefox\\firefox.exe" "--marionette" "-headless" "--remote-debugging-port" "9876" "--remote-allow-hosts" "localhost" "-no-remote" "-profile" "C:\\Users\\Brace\\AppData\\Local\\Temp\\rust_mozprofilef6o7P6"
*** You are running in headless mode.
console.warn: services.settings: Ignoring preference override of remote settings server
console.warn: services.settings: Allow by setting MOZ_REMOTE_SETTINGS_DEVTOOLS=1 in the environment
1682413181250	Marionette	INFO	Marionette enabled
Dynamically enable window occlusion 0
1682413181257	Marionette	INFO	Listening on port 9888
Read port: 9888
WebDriver BiDi listening on ws://127.0.0.1:9876
1682413181398	RemoteAgent	WARN	TLS certificate errors will be ignored for this session
[GFX1-]: RenderCompositorSWGL failed mapping default framebuffer, no dt
console.warn: SearchSettings: "get: No settings file exists, new profile?" (new NotFoundError("Could not open the file at C:\\Users\\Brace\\AppData\\Local\\Temp\\rust_mozprofilef6o7P6\\search.json.mozlz4", (void 0)))
[ERROR glean_core] Error setting metrics feature config: Json(Error("EOF while parsing a value", line: 1, column: 0))
console.error: ({})
DevTools listening on ws://127.0.0.1:9876/devtools/browser/434b349a-caf2-4bd6-b3e5-3e86163734d6
JavaScript warning: https://www.creditchina.gov.cn/ line 5 > eval, line 1: WEBGL_debug_renderer_info is deprecated in Firefox and will be removed. Please use RENDERER.
JavaScript warning: https://www.creditchina.gov.cn/js/jquery-1.9.1.min.js, line 2: Using //@ to indicate sourceMappingURL pragmas is deprecated. Use //# instead
JavaScript warning: https://www.creditchina.gov.cn/js/jquery-1.9.1.min.js, line 2: Using //@ to indicate sourceMappingURL pragmas is deprecated. Use //# instead
JavaScript warning: https://www.creditchina.gov.cn/js/jquery-1.9.1.min.js, line 2: Using //@ to indicate sourceMappingURL pragmas is deprecated. Use //# instead
JavaScript error: https://www.creditchina.gov.cn/js/companydetail/companydetail.js, line 167: TypeError: data.data.data is undefined
JavaScript warning: https://www.creditchina.gov.cn/js/jquery-1.9.1.min.js, line 2: Using //@ to indicate sourceMappingURL pragmas is deprecated. Use //# instead
JavaScript error: https://www.creditchina.gov.cn/js/companydetail/companydetail.js, line 167: TypeError: data.data.data is undefined
1682413220012	geckodriver	INFO	Listening on 127.0.0.1:10029
1682413223047	mozrunner::runner	INFO	Running command: "C:\\Program Files\\Mozilla Firefox\\firefox.exe" "--marionette" "-headless" "--remote-debugging-port" "10030" "--remote-allow-hosts" "localhost" "-no-remote" "-profile" "C:\\Users\\Brace\\AppData\\Local\\Temp\\rust_mozprofileJ0A3z3"
*** You are running in headless mode.
console.warn: services.settings: Ignoring preference override of remote settings server
console.warn: services.settings: Allow by setting MOZ_REMOTE_SETTINGS_DEVTOOLS=1 in the environment
1682413223882	Marionette	INFO	Marionette enabled
Dynamically enable window occlusion 0
1682413223888	Marionette	INFO	Listening on port 10038
Read port: 10038
WebDriver BiDi listening on ws://127.0.0.1:10030
1682413224001	RemoteAgent	WARN	TLS certificate errors will be ignored for this session
[GFX1-]: RenderCompositorSWGL failed mapping default framebuffer, no dt
console.warn: SearchSettings: "get: No settings file exists, new profile?" (new NotFoundError("Could not open the file at C:\\Users\\Brace\\AppData\\Local\\Temp\\rust_mozprofileJ0A3z3\\search.json.mozlz4", (void 0)))
[ERROR glean_core] Error setting metrics feature config: Json(Error("EOF while parsing a value", line: 1, column: 0))
console.error: ({})
DevTools listening on ws://127.0.0.1:10030/devtools/browser/794a4e19-2254-4aae-b014-b781566c5ce4
JavaScript warning: https://www.creditchina.gov.cn/ line 5 > eval, line 1: WEBGL_debug_renderer_info is deprecated in Firefox and will be removed. Please use RENDERER.
JavaScript warning: https://www.creditchina.gov.cn/js/jquery-1.9.1.min.js, line 2: Using //@ to indicate sourceMappingURL pragmas is deprecated. Use //# instead
JavaScript warning: https://www.creditchina.gov.cn/js/jquery-1.9.1.min.js, line 2: Using //@ to indicate sourceMappingURL pragmas is deprecated. Use //# instead
JavaScript warning: https://www.creditchina.gov.cn/js/jquery-1.9.1.min.js, line 2: Using //@ to indicate sourceMappingURL pragmas is deprecated. Use //# instead
JavaScript error: https://www.creditchina.gov.cn/js/companydetail/companydetail.js, line 167: TypeError: data.data.data is undefined
JavaScript warning: https://www.creditchina.gov.cn/js/jquery-1.9.1.min.js, line 2: Using //@ to indicate sourceMappingURL pragmas is deprecated. Use //# instead
JavaScript error: https://www.creditchina.gov.cn/js/companydetail/companydetail.js, line 167: TypeError: data.data.data is undefined
JavaScript error: https://www.creditchina.gov.cn/js/companydetail/companydetail.js, line 167: TypeError: data.data.data is undefined
1682413289572	geckodriver	INFO	Listening on 127.0.0.1:10175
1682413292606	mozrunner::runner	INFO	Running command: "C:\\Program Files\\Mozilla Firefox\\firefox.exe" "--marionette" "-headless" "--remote-debugging-port" "10176" "--remote-allow-hosts" "localhost" "-no-remote" "-profile" "C:\\Users\\Brace\\AppData\\Local\\Temp\\rust_mozprofiledPWor8"
*** You are running in headless mode.
console.warn: services.settings: Ignoring preference override of remote settings server
console.warn: services.settings: Allow by setting MOZ_REMOTE_SETTINGS_DEVTOOLS=1 in the environment
1682413293590	Marionette	INFO	Marionette enabled
Dynamically enable window occlusion 0
1682413293599	Marionette	INFO	Listening on port 10185
Read port: 10185
WebDriver BiDi listening on ws://127.0.0.1:10176
1682413293751	RemoteAgent	WARN	TLS certificate errors will be ignored for this session
[GFX1-]: RenderCompositorSWGL failed mapping default framebuffer, no dt
console.warn: SearchSettings: "get: No settings file exists, new profile?" (new NotFoundError("Could not open the file at C:\\Users\\Brace\\AppData\\Local\\Temp\\rust_mozprofiledPWor8\\search.json.mozlz4", (void 0)))
[ERROR glean_core] Error setting metrics feature config: Json(Error("EOF while parsing a value", line: 1, column: 0))
console.error: ({})
DevTools listening on ws://127.0.0.1:10176/devtools/browser/1fd7f38a-bb05-4dd1-8443-e3904083c92c
1682413370340	geckodriver	INFO	Listening on 127.0.0.1:10297
1682413373358	mozrunner::runner	INFO	Running command: "C:\\Program Files\\Mozilla Firefox\\firefox.exe" "--marionette" "-headless" "--remote-debugging-port" "10298" "--remote-allow-hosts" "localhost" "-no-remote" "-profile" "C:\\Users\\Brace\\AppData\\Local\\Temp\\rust_mozprofileR1rmmZ"
*** You are running in headless mode.
console.warn: services.settings: Ignoring preference override of remote settings server
console.warn: services.settings: Allow by setting MOZ_REMOTE_SETTINGS_DEVTOOLS=1 in the environment
1682413374466	Marionette	INFO	Marionette enabled
Dynamically enable window occlusion 0
1682413374475	Marionette	INFO	Listening on port 10309
Read port: 10309
WebDriver BiDi listening on ws://127.0.0.1:10298
1682413374632	RemoteAgent	WARN	TLS certificate errors will be ignored for this session
[GFX1-]: RenderCompositorSWGL failed mapping default framebuffer, no dt
console.warn: SearchSettings: "get: No settings file exists, new profile?" (new NotFoundError("Could not open the file at C:\\Users\\Brace\\AppData\\Local\\Temp\\rust_mozprofileR1rmmZ\\search.json.mozlz4", (void 0)))
[ERROR glean_core] Error setting metrics feature config: Json(Error("EOF while parsing a value", line: 1, column: 0))
console.error: ({})
DevTools listening on ws://127.0.0.1:10298/devtools/browser/c60aab86-440e-4bbc-a6fc-e2560b3f7c3a
JavaScript warning: https://www.creditchina.gov.cn/ line 5 > eval, line 1: WEBGL_debug_renderer_info is deprecated in Firefox and will be removed. Please use RENDERER.
JavaScript warning: https://www.creditchina.gov.cn/js/jquery-1.9.1.min.js, line 2: Using //@ to indicate sourceMappingURL pragmas is deprecated. Use //# instead
JavaScript warning: https://www.creditchina.gov.cn/js/jquery-1.9.1.min.js, line 2: Using //@ to indicate sourceMappingURL pragmas is deprecated. Use //# instead
1682413599741	geckodriver	INFO	Listening on 127.0.0.1:10545
1682413602789	mozrunner::runner	INFO	Running command: "C:\\Program Files\\Mozilla Firefox\\firefox.exe" "--marionette" "-headless" "--remote-debugging-port" "10546" "--remote-allow-hosts" "localhost" "-no-remote" "-profile" "C:\\Users\\Brace\\AppData\\Local\\Temp\\rust_mozprofilecwjxxV"
*** You are running in headless mode.
console.warn: services.settings: Ignoring preference override of remote settings server
console.warn: services.settings: Allow by setting MOZ_REMOTE_SETTINGS_DEVTOOLS=1 in the environment
1682413603603	Marionette	INFO	Marionette enabled
Dynamically enable window occlusion 0
1682413603611	Marionette	INFO	Listening on port 10555
Read port: 10555
WebDriver BiDi listening on ws://127.0.0.1:10546
1682413603769	RemoteAgent	WARN	TLS certificate errors will be ignored for this session
[GFX1-]: RenderCompositorSWGL failed mapping default framebuffer, no dt
console.warn: SearchSettings: "get: No settings file exists, new profile?" (new NotFoundError("Could not open the file at C:\\Users\\Brace\\AppData\\Local\\Temp\\rust_mozprofilecwjxxV\\search.json.mozlz4", (void 0)))
[ERROR glean_core] Error setting metrics feature config: Json(Error("EOF while parsing a value", line: 1, column: 0))
console.error: ({})
DevTools listening on ws://127.0.0.1:10546/devtools/browser/3d275741-248a-4f76-a2be-13ae5b9e2c4d
1682413612970	geckodriver	INFO	Listening on 127.0.0.1:10593
1682413616007	mozrunner::runner	INFO	Running command: "C:\\Program Files\\Mozilla Firefox\\firefox.exe" "--marionette" "-headless" "--remote-debugging-port" "10594" "--remote-allow-hosts" "localhost" "-no-remote" "-profile" "C:\\Users\\Brace\\AppData\\Local\\Temp\\rust_mozprofile9ANkEb"
*** You are running in headless mode.
console.warn: services.settings: Ignoring preference override of remote settings server
console.warn: services.settings: Allow by setting MOZ_REMOTE_SETTINGS_DEVTOOLS=1 in the environment
1682413617512	Marionette	INFO	Marionette enabled
Dynamically enable window occlusion 0
1682413617520	Marionette	INFO	Listening on port 10619
Read port: 10619
WebDriver BiDi listening on ws://127.0.0.1:10594
1682413617656	RemoteAgent	WARN	TLS certificate errors will be ignored for this session
[GFX1-]: RenderCompositorSWGL failed mapping default framebuffer, no dt
console.warn: SearchSettings: "get: No settings file exists, new profile?" (new NotFoundError("Could not open the file at C:\\Users\\Brace\\AppData\\Local\\Temp\\rust_mozprofile9ANkEb\\search.json.mozlz4", (void 0)))
[ERROR glean_core] Error setting metrics feature config: Json(Error("EOF while parsing a value", line: 1, column: 0))
console.error: ({})
DevTools listening on ws://127.0.0.1:10594/devtools/browser/1b03bab0-5c15-49f6-a005-e38dde10d020
1682413676819	geckodriver	INFO	Listening on 127.0.0.1:10710
1682413679884	mozrunner::runner	INFO	Running command: "C:\\Program Files\\Mozilla Firefox\\firefox.exe" "--marionette" "-headless" "--remote-debugging-port" "10711" "--remote-allow-hosts" "localhost" "-no-remote" "-profile" "C:\\Users\\Brace\\AppData\\Local\\Temp\\rust_mozprofileZTzKgu"
*** You are running in headless mode.
console.warn: services.settings: Ignoring preference override of remote settings server
console.warn: services.settings: Allow by setting MOZ_REMOTE_SETTINGS_DEVTOOLS=1 in the environment
1682413680658	Marionette	INFO	Marionette enabled
Dynamically enable window occlusion 0
1682413680665	Marionette	INFO	Listening on port 10724
Read port: 10724
WebDriver BiDi listening on ws://127.0.0.1:10711
1682413680795	RemoteAgent	WARN	TLS certificate errors will be ignored for this session
[GFX1-]: RenderCompositorSWGL failed mapping default framebuffer, no dt
console.warn: SearchSettings: "get: No settings file exists, new profile?" (new NotFoundError("Could not open the file at C:\\Users\\Brace\\AppData\\Local\\Temp\\rust_mozprofileZTzKgu\\search.json.mozlz4", (void 0)))
[ERROR glean_core] Error setting metrics feature config: Json(Error("EOF while parsing a value", line: 1, column: 0))
console.error: ({})
DevTools listening on ws://127.0.0.1:10711/devtools/browser/00a52c1b-1cba-4fc4-af52-8cbd51e3862d
1682413721220	geckodriver	INFO	Listening on 127.0.0.1:10794
1682413724259	mozrunner::runner	INFO	Running command: "C:\\Program Files\\Mozilla Firefox\\firefox.exe" "--marionette" "-headless" "--remote-debugging-port" "10795" "--remote-allow-hosts" "localhost" "-no-remote" "-profile" "C:\\Users\\Brace\\AppData\\Local\\Temp\\rust_mozprofileyU6z3V"
*** You are running in headless mode.
console.warn: services.settings: Ignoring preference override of remote settings server
console.warn: services.settings: Allow by setting MOZ_REMOTE_SETTINGS_DEVTOOLS=1 in the environment
1682413725256	Marionette	INFO	Marionette enabled
Dynamically enable window occlusion 0
1682413725265	Marionette	INFO	Listening on port 10810
Read port: 10810
WebDriver BiDi listening on ws://127.0.0.1:10795
1682413725432	RemoteAgent	WARN	TLS certificate errors will be ignored for this session
[GFX1-]: RenderCompositorSWGL failed mapping default framebuffer, no dt
console.warn: SearchSettings: "get: No settings file exists, new profile?" (new NotFoundError("Could not open the file at C:\\Users\\Brace\\AppData\\Local\\Temp\\rust_mozprofileyU6z3V\\search.json.mozlz4", (void 0)))
[ERROR glean_core] Error setting metrics feature config: Json(Error("EOF while parsing a value", line: 1, column: 0))
console.error: ({})
DevTools listening on ws://127.0.0.1:10795/devtools/browser/1a9d9c5a-0998-48d3-8fbd-eda186cd2f99
JavaScript warning: https://www.creditchina.gov.cn/ line 5 > eval, line 1: WEBGL_debug_renderer_info is deprecated in Firefox and will be removed. Please use RENDERER.
JavaScript warning: https://www.creditchina.gov.cn/js/jquery-1.9.1.min.js, line 2: Using //@ to indicate sourceMappingURL pragmas is deprecated. Use //# instead
JavaScript warning: https://www.creditchina.gov.cn/js/jquery-1.9.1.min.js, line 2: Using //@ to indicate sourceMappingURL pragmas is deprecated. Use //# instead
JavaScript warning: https://www.creditchina.gov.cn/js/jquery-1.9.1.min.js, line 2: Using //@ to indicate sourceMappingURL pragmas is deprecated. Use //# instead
JavaScript error: https://www.creditchina.gov.cn/js/companydetail/companydetail.js, line 167: TypeError: data.data.data is undefined
1682414278413	addons.xpi	ERROR	System addon update list error Error: Failed downloading XML, status: 0, reason: error
1682414939664	geckodriver	INFO	Listening on 127.0.0.1:12043
1682414942680	mozrunner::runner	INFO	Running command: "C:\\Program Files\\Mozilla Firefox\\firefox.exe" "--marionette" "-headless" "--remote-debugging-port" "12044" "--remote-allow-hosts" "localhost" "-no-remote" "-profile" "C:\\Users\\Brace\\AppData\\Local\\Temp\\rust_mozprofileBIa34J"
*** You are running in headless mode.
console.warn: services.settings: Ignoring preference override of remote settings server
console.warn: services.settings: Allow by setting MOZ_REMOTE_SETTINGS_DEVTOOLS=1 in the environment
1682414944440	Marionette	INFO	Marionette enabled
Dynamically enable window occlusion 0
1682414944454	Marionette	INFO	Listening on port 12054
Read port: 12054
WebDriver BiDi listening on ws://127.0.0.1:12044
1682414944815	RemoteAgent	WARN	TLS certificate errors will be ignored for this session
[GFX1-]: RenderCompositorSWGL failed mapping default framebuffer, no dt
console.warn: SearchSettings: "get: No settings file exists, new profile?" (new NotFoundError("Could not open the file at C:\\Users\\Brace\\AppData\\Local\\Temp\\rust_mozprofileBIa34J\\search.json.mozlz4", (void 0)))
[ERROR glean_core] Error setting metrics feature config: Json(Error("EOF while parsing a value", line: 1, column: 0))
console.error: ({})
DevTools listening on ws://127.0.0.1:12044/devtools/browser/26f9230d-b175-4f0e-80e9-a27940516293
JavaScript warning: https://www.creditchina.gov.cn/ line 5 > eval, line 1: WEBGL_debug_renderer_info is deprecated in Firefox and will be removed. Please use RENDERER.
JavaScript warning: https://www.creditchina.gov.cn/js/jquery-1.9.1.min.js, line 2: Using //@ to indicate sourceMappingURL pragmas is deprecated. Use //# instead
JavaScript warning: https://www.creditchina.gov.cn/js/jquery-1.9.1.min.js, line 2: Using //@ to indicate sourceMappingURL pragmas is deprecated. Use //# instead
JavaScript warning: https://www.creditchina.gov.cn/js/jquery-1.9.1.min.js, line 2: Using //@ to indicate sourceMappingURL pragmas is deprecated. Use //# instead
JavaScript error: https://www.creditchina.gov.cn/js/companydetail/companydetail.js, line 167: TypeError: data.data.data is undefined
1682427604953	geckodriver	INFO	Listening on 127.0.0.1:1494
1682427607991	mozrunner::runner	INFO	Running command: "C:\\Program Files\\Mozilla Firefox\\firefox.exe" "--marionette" "-headless" "--remote-debugging-port" "1495" "--remote-allow-hosts" "localhost" "-no-remote" "-profile" "C:\\Users\\Brace\\AppData\\Local\\Temp\\rust_mozprofileHICNiW"
*** You are running in headless mode.
console.warn: services.settings: Ignoring preference override of remote settings server
console.warn: services.settings: Allow by setting MOZ_REMOTE_SETTINGS_DEVTOOLS=1 in the environment
1682427608789	Marionette	INFO	Marionette enabled
Dynamically enable window occlusion 0
1682427608795	Marionette	INFO	Listening on port 1505
WebDriver BiDi listening on ws://127.0.0.1:1495
Read port: 1505
1682427609089	RemoteAgent	WARN	TLS certificate errors will be ignored for this session
[GFX1-]: RenderCompositorSWGL failed mapping default framebuffer, no dt
console.warn: SearchSettings: "get: No settings file exists, new profile?" (new NotFoundError("Could not open the file at C:\\Users\\Brace\\AppData\\Local\\Temp\\rust_mozprofileHICNiW\\search.json.mozlz4", (void 0)))
[ERROR glean_core] Error setting metrics feature config: Json(Error("EOF while parsing a value", line: 1, column: 0))
console.error: ({})
DevTools listening on ws://127.0.0.1:1495/devtools/browser/4c00241b-e7a5-47c6-aa38-84ca79f6f232
JavaScript warning: https://www.creditchina.gov.cn/ line 5 > eval, line 1: WEBGL_debug_renderer_info is deprecated in Firefox and will be removed. Please use RENDERER.
JavaScript warning: https://www.creditchina.gov.cn/js/jquery-1.9.1.min.js, line 2: Using //@ to indicate sourceMappingURL pragmas is deprecated. Use //# instead
JavaScript warning: https://www.creditchina.gov.cn/js/jquery-1.9.1.min.js, line 2: Using //@ to indicate sourceMappingURL pragmas is deprecated. Use //# instead
JavaScript warning: https://www.creditchina.gov.cn/js/jquery-1.9.1.min.js, line 2: Using //@ to indicate sourceMappingURL pragmas is deprecated. Use //# instead
JavaScript error: https://www.creditchina.gov.cn/js/companydetail/companydetail.js, line 167: TypeError: data.data.data is undefined
1682427710343	geckodriver	INFO	Listening on 127.0.0.1:1670
1682427713380	mozrunner::runner	INFO	Running command: "C:\\Program Files\\Mozilla Firefox\\firefox.exe" "--marionette" "-headless" "--remote-debugging-port" "1671" "--remote-allow-hosts" "localhost" "-no-remote" "-profile" "C:\\Users\\Brace\\AppData\\Local\\Temp\\rust_mozprofile19szC5"
*** You are running in headless mode.
console.warn: services.settings: Ignoring preference override of remote settings server
console.warn: services.settings: Allow by setting MOZ_REMOTE_SETTINGS_DEVTOOLS=1 in the environment
1682427714031	Marionette	INFO	Marionette enabled
Dynamically enable window occlusion 0
1682427714036	Marionette	INFO	Listening on port 1680
Read port: 1680
WebDriver BiDi listening on ws://127.0.0.1:1671
1682427714131	RemoteAgent	WARN	TLS certificate errors will be ignored for this session
[GFX1-]: RenderCompositorSWGL failed mapping default framebuffer, no dt
console.warn: SearchSettings: "get: No settings file exists, new profile?" (new NotFoundError("Could not open the file at C:\\Users\\Brace\\AppData\\Local\\Temp\\rust_mozprofile19szC5\\search.json.mozlz4", (void 0)))
[ERROR glean_core] Error setting metrics feature config: Json(Error("EOF while parsing a value", line: 1, column: 0))
console.error: ({})
DevTools listening on ws://127.0.0.1:1671/devtools/browser/fe20721e-1c68-4e1e-b303-0262076c8b69
JavaScript warning: https://www.creditchina.gov.cn/ line 5 > eval, line 1: WEBGL_debug_renderer_info is deprecated in Firefox and will be removed. Please use RENDERER.
JavaScript warning: https://www.creditchina.gov.cn/js/jquery-1.9.1.min.js, line 2: Using //@ to indicate sourceMappingURL pragmas is deprecated. Use //# instead
JavaScript warning: https://www.creditchina.gov.cn/js/jquery-1.9.1.min.js, line 2: Using //@ to indicate sourceMappingURL pragmas is deprecated. Use //# instead
JavaScript warning: https://www.creditchina.gov.cn/js/jquery-1.9.1.min.js, line 2: Using //@ to indicate sourceMappingURL pragmas is deprecated. Use //# instead
JavaScript error: https://www.creditchina.gov.cn/js/companydetail/companydetail.js, line 167: TypeError: data.data.data is undefined
